<?xml version="1.0" encoding="UTF-8"?>
<testsuite name="PingPongTest" tests="4" skipped="0" failures="0" errors="0" timestamp="2016-04-19T00:01:12" hostname="epicodus-55.local" time="0.002">
  <properties/>
  <testcase name="isPingPong_numberDivisibleByFifteen_Array" classname="PingPongTest" time="0.001"/>
  <testcase name="isPingPong_numberDivisibleByThree_Array" classname="PingPongTest" time="0.0"/>
  <testcase name="isPingPong_numberDivisibleByFive_Array" classname="PingPongTest" time="0.0"/>
  <testcase name="PingPong_countUpToGivenNumber_Array" classname="PingPongTest" time="0.0"/>
  <system-out><![CDATA[]]></system-out>
  <system-err><![CDATA[]]></system-err>
</testsuite>
